
CommandNotFoundError: Your shell has not been properly configured to use 'conda deactivate'.
To initialize your shell, run

    $ conda init <SHELL_NAME>

Currently supported shells are:
  - bash
  - fish
  - tcsh
  - xonsh
  - zsh
  - powershell

See 'conda init --help' for more information and options.

IMPORTANT: You may need to close and restart your shell after running 'conda init'.


Loading pytorch-gpu/py3/1.12.1
  Loading requirement: cuda/11.2 nccl/2.9.6-1-cuda cudnn/8.1.1.33-cuda gcc/8.5.0
    openmpi/4.1.1-cuda intel-mkl/2020.4 magma/2.5.4-cuda-oneapi-mkl sox/14.4.2
    sparsehash/2.0.3 libjpeg-turbo/2.1.3
/var/spool/slurmd/job1158297/slurm_script: line 19: set-x: command not found
Traceback (most recent call last):
  File "/gpfsssd/scratch/rech/zke/uir37ma/ner-expected-entity-ratio/ner-eer/lib/python3.7/runpy.py", line 193, in _run_module_as_main
Traceback (most recent call last):
  File "/gpfsssd/scratch/rech/zke/uir37ma/ner-expected-entity-ratio/ner-eer/lib/python3.7/runpy.py", line 193, in _run_module_as_main
    "__main__", mod_spec)
  File "/gpfsssd/scratch/rech/zke/uir37ma/ner-expected-entity-ratio/ner-eer/lib/python3.7/runpy.py", line 85, in _run_code
    exec(code, run_globals)
  File "/gpfsssd/scratch/rech/zke/uir37ma/ner-expected-entity-ratio/ml/cmd/make_vocab.py", line 63, in <module>
    "__main__", mod_spec)
  File "/gpfsssd/scratch/rech/zke/uir37ma/ner-expected-entity-ratio/ner-eer/lib/python3.7/runpy.py", line 85, in _run_code
    run(parse_args())
  File "/gpfsssd/scratch/rech/zke/uir37ma/ner-expected-entity-ratio/ml/cmd/make_vocab.py", line 25, in run
    exec(code, run_globals)
  File "/gpfsssd/scratch/rech/zke/uir37ma/ner-expected-entity-ratio/ml/cmd/make_vocab.py", line 63, in <module>
    shutil.rmtree(args.outpath)
  File "/gpfsssd/scratch/rech/zke/uir37ma/ner-expected-entity-ratio/ner-eer/lib/python3.7/shutil.py", line 498, in rmtree
    run(parse_args())
  File "/gpfsssd/scratch/rech/zke/uir37ma/ner-expected-entity-ratio/ml/cmd/make_vocab.py", line 25, in run
    shutil.rmtree(args.outpath)
  File "/gpfsssd/scratch/rech/zke/uir37ma/ner-expected-entity-ratio/ner-eer/lib/python3.7/shutil.py", line 498, in rmtree
    onerror(os.rmdir, path, sys.exc_info())
  File "/gpfsssd/scratch/rech/zke/uir37ma/ner-expected-entity-ratio/ner-eer/lib/python3.7/shutil.py", line 496, in rmtree
    os.rmdir(path)
    onerror(os.rmdir, path, sys.exc_info())
  File "/gpfsssd/scratch/rech/zke/uir37ma/ner-expected-entity-ratio/ner-eer/lib/python3.7/shutil.py", line 496, in rmtree
FileNotFoundError: [Errno 2] No such file or directory: 'data/ontonotes5/processed/roberta-entity.vocab'
    os.rmdir(path)
FileNotFoundError: [Errno 2] No such file or directory: 'data/ontonotes5/processed/roberta-entity.vocab'
srun: error: jean-zay-pp3: tasks 1,3: Exited with exit code 1
srun: Terminating StepId=1158297.0
slurmstepd: error: *** STEP 1158297.0 ON jean-zay-pp3 CANCELLED AT 2024-03-20T12:16:08 ***
Downloading:   0%|          | 0.00/899k [00:00<?, ?B/s]srun: error: jean-zay-pp3: tasks 0,2: Terminated
srun: Force Terminated StepId=1158297.0
Downloading:   0%|          | 0.00/996k [00:00<?, ?B/s]Downloading:  10%|▉         | 99.3k/996k [00:00<00:00, 936kB/s]Downloading:  53%|█████▎    | 525k/996k [00:00<00:00, 1.16MB/s]Downloading: 100%|██████████| 996k/996k [00:00<00:00, 3.61MB/s]
Traceback (most recent call last):
  File "/gpfsssd/scratch/rech/zke/uir37ma/ner-expected-entity-ratio/ner-eer/lib/python3.7/runpy.py", line 193, in _run_module_as_main
    "__main__", mod_spec)
  File "/gpfsssd/scratch/rech/zke/uir37ma/ner-expected-entity-ratio/ner-eer/lib/python3.7/runpy.py", line 85, in _run_code
    exec(code, run_globals)
  File "/gpfsssd/scratch/rech/zke/uir37ma/ner-expected-entity-ratio/ml/cmd/make_vocab.py", line 63, in <module>
    run(parse_args())
  File "/gpfsssd/scratch/rech/zke/uir37ma/ner-expected-entity-ratio/ml/cmd/make_vocab.py", line 30, in run
    reader = PartialJsonlReader(model_name=args.model)
  File "/gpfsssd/scratch/rech/zke/uir37ma/ner-expected-entity-ratio/ml/dataset_readers/partial_jsonl_reader.py", line 119, in __init__
    self.subword_converter = TransformersConverter(model_name) if model_name else None
  File "/gpfsssd/scratch/rech/zke/uir37ma/ner-expected-entity-ratio/ml/dataset_readers/transformers_converter.py", line 14, in __init__
    self.tokenizer = AutoTokenizer.from_pretrained(model_name, use_fast=True)
  File "/gpfsssd/scratch/rech/zke/uir37ma/ner-expected-entity-ratio/ner-eer/lib/python3.7/site-packages/transformers/tokenization_auto.py", line 339, in from_pretrained
Downloading:   0%|          | 0.00/996k [00:00<?, ?B/s]Downloading: 100%|██████████| 996k/996k [00:00<00:00, 28.6MB/s]
Traceback (most recent call last):
  File "/gpfsssd/scratch/rech/zke/uir37ma/ner-expected-entity-ratio/ner-eer/lib/python3.7/runpy.py", line 193, in _run_module_as_main
    "__main__", mod_spec)
  File "/gpfsssd/scratch/rech/zke/uir37ma/ner-expected-entity-ratio/ner-eer/lib/python3.7/runpy.py", line 85, in _run_code
    exec(code, run_globals)
  File "/gpfsssd/scratch/rech/zke/uir37ma/ner-expected-entity-ratio/ml/cmd/make_vocab.py", line 63, in <module>
    run(parse_args())
  File "/gpfsssd/scratch/rech/zke/uir37ma/ner-expected-entity-ratio/ml/cmd/make_vocab.py", line 30, in run
    reader = PartialJsonlReader(model_name=args.model)
  File "/gpfsssd/scratch/rech/zke/uir37ma/ner-expected-entity-ratio/ml/dataset_readers/partial_jsonl_reader.py", line 119, in __init__
    self.subword_converter = TransformersConverter(model_name) if model_name else None
  File "/gpfsssd/scratch/rech/zke/uir37ma/ner-expected-entity-ratio/ml/dataset_readers/transformers_converter.py", line 14, in __init__
    self.tokenizer = AutoTokenizer.from_pretrained(model_name, use_fast=True)
  File "/gpfsssd/scratch/rech/zke/uir37ma/ner-expected-entity-ratio/ner-eer/lib/python3.7/site-packages/transformers/tokenization_auto.py", line 339, in from_pretrained
Downloading:   0%|          | 0.00/996k [00:00<?, ?B/s]Downloading:  25%|██▍       | 247k/996k [00:00<00:00, 1.39MB/s]Downloading: 100%|██████████| 996k/996k [00:00<00:00, 3.75MB/s]
Traceback (most recent call last):
  File "/gpfsssd/scratch/rech/zke/uir37ma/ner-expected-entity-ratio/ner-eer/lib/python3.7/runpy.py", line 193, in _run_module_as_main
    "__main__", mod_spec)
  File "/gpfsssd/scratch/rech/zke/uir37ma/ner-expected-entity-ratio/ner-eer/lib/python3.7/runpy.py", line 85, in _run_code
    exec(code, run_globals)
  File "/gpfsssd/scratch/rech/zke/uir37ma/ner-expected-entity-ratio/ml/cmd/make_vocab.py", line 63, in <module>
    run(parse_args())
  File "/gpfsssd/scratch/rech/zke/uir37ma/ner-expected-entity-ratio/ml/cmd/make_vocab.py", line 30, in run
    reader = PartialJsonlReader(model_name=args.model)
  File "/gpfsssd/scratch/rech/zke/uir37ma/ner-expected-entity-ratio/ml/dataset_readers/partial_jsonl_reader.py", line 119, in __init__
    self.subword_converter = TransformersConverter(model_name) if model_name else None
  File "/gpfsssd/scratch/rech/zke/uir37ma/ner-expected-entity-ratio/ml/dataset_readers/transformers_converter.py", line 14, in __init__
    self.tokenizer = AutoTokenizer.from_pretrained(model_name, use_fast=True)
  File "/gpfsssd/scratch/rech/zke/uir37ma/ner-expected-entity-ratio/ner-eer/lib/python3.7/site-packages/transformers/tokenization_auto.py", line 339, in from_pretrained
Downloading:   0%|          | 0.00/996k [00:00<?, ?B/s]Downloading:  64%|██████▍   | 640k/996k [00:00<00:00, 4.33MB/s]Downloading: 100%|██████████| 996k/996k [00:00<00:00, 6.50MB/s]
Traceback (most recent call last):
  File "/gpfsssd/scratch/rech/zke/uir37ma/ner-expected-entity-ratio/ner-eer/lib/python3.7/runpy.py", line 193, in _run_module_as_main
    "__main__", mod_spec)
  File "/gpfsssd/scratch/rech/zke/uir37ma/ner-expected-entity-ratio/ner-eer/lib/python3.7/runpy.py", line 85, in _run_code
    exec(code, run_globals)
  File "/gpfsssd/scratch/rech/zke/uir37ma/ner-expected-entity-ratio/ml/cmd/make_vocab.py", line 63, in <module>
    run(parse_args())
  File "/gpfsssd/scratch/rech/zke/uir37ma/ner-expected-entity-ratio/ml/cmd/make_vocab.py", line 30, in run
    reader = PartialJsonlReader(model_name=args.model)
  File "/gpfsssd/scratch/rech/zke/uir37ma/ner-expected-entity-ratio/ml/dataset_readers/partial_jsonl_reader.py", line 119, in __init__
    self.subword_converter = TransformersConverter(model_name) if model_name else None
  File "/gpfsssd/scratch/rech/zke/uir37ma/ner-expected-entity-ratio/ml/dataset_readers/transformers_converter.py", line 14, in __init__
    self.tokenizer = AutoTokenizer.from_pretrained(model_name, use_fast=True)
  File "/gpfsssd/scratch/rech/zke/uir37ma/ner-expected-entity-ratio/ner-eer/lib/python3.7/site-packages/transformers/tokenization_auto.py", line 339, in from_pretrained
    return tokenizer_class_fast.from_pretrained(pretrained_model_name_or_path, *inputs, **kwargs)
  File "/gpfsssd/scratch/rech/zke/uir37ma/ner-expected-entity-ratio/ner-eer/lib/python3.7/site-packages/transformers/tokenization_utils_base.py", line 1629, in from_pretrained
    return tokenizer_class_fast.from_pretrained(pretrained_model_name_or_path, *inputs, **kwargs)
  File "/gpfsssd/scratch/rech/zke/uir37ma/ner-expected-entity-ratio/ner-eer/lib/python3.7/site-packages/transformers/tokenization_utils_base.py", line 1629, in from_pretrained
    return tokenizer_class_fast.from_pretrained(pretrained_model_name_or_path, *inputs, **kwargs)
  File "/gpfsssd/scratch/rech/zke/uir37ma/ner-expected-entity-ratio/ner-eer/lib/python3.7/site-packages/transformers/tokenization_utils_base.py", line 1629, in from_pretrained
    return tokenizer_class_fast.from_pretrained(pretrained_model_name_or_path, *inputs, **kwargs)
  File "/gpfsssd/scratch/rech/zke/uir37ma/ner-expected-entity-ratio/ner-eer/lib/python3.7/site-packages/transformers/tokenization_utils_base.py", line 1629, in from_pretrained
    local_files_only=local_files_only,
  File "/gpfsssd/scratch/rech/zke/uir37ma/ner-expected-entity-ratio/ner-eer/lib/python3.7/site-packages/transformers/file_utils.py", line 955, in cached_path
    local_files_only=local_files_only,
    local_files_only=local_files_only,
  File "/gpfsssd/scratch/rech/zke/uir37ma/ner-expected-entity-ratio/ner-eer/lib/python3.7/site-packages/transformers/file_utils.py", line 955, in cached_path
  File "/gpfsssd/scratch/rech/zke/uir37ma/ner-expected-entity-ratio/ner-eer/lib/python3.7/site-packages/transformers/file_utils.py", line 955, in cached_path
    local_files_only=local_files_only,
  File "/gpfsssd/scratch/rech/zke/uir37ma/ner-expected-entity-ratio/ner-eer/lib/python3.7/site-packages/transformers/file_utils.py", line 955, in cached_path
    local_files_only=local_files_only,
  File "/gpfsssd/scratch/rech/zke/uir37ma/ner-expected-entity-ratio/ner-eer/lib/python3.7/site-packages/transformers/file_utils.py", line 1164, in get_from_cache
    local_files_only=local_files_only,
  File "/gpfsssd/scratch/rech/zke/uir37ma/ner-expected-entity-ratio/ner-eer/lib/python3.7/site-packages/transformers/file_utils.py", line 1164, in get_from_cache
    local_files_only=local_files_only,
  File "/gpfsssd/scratch/rech/zke/uir37ma/ner-expected-entity-ratio/ner-eer/lib/python3.7/site-packages/transformers/file_utils.py", line 1164, in get_from_cache
    local_files_only=local_files_only,
  File "/gpfsssd/scratch/rech/zke/uir37ma/ner-expected-entity-ratio/ner-eer/lib/python3.7/site-packages/transformers/file_utils.py", line 1164, in get_from_cache
    http_get(url_to_download, temp_file, proxies=proxies, resume_size=resume_size, user_agent=user_agent)
    http_get(url_to_download, temp_file, proxies=proxies, resume_size=resume_size, user_agent=user_agent)
  File "/gpfsssd/scratch/rech/zke/uir37ma/ner-expected-entity-ratio/ner-eer/lib/python3.7/tempfile.py", line 499, in __exit__
  File "/gpfsssd/scratch/rech/zke/uir37ma/ner-expected-entity-ratio/ner-eer/lib/python3.7/tempfile.py", line 499, in __exit__
    http_get(url_to_download, temp_file, proxies=proxies, resume_size=resume_size, user_agent=user_agent)
  File "/gpfsssd/scratch/rech/zke/uir37ma/ner-expected-entity-ratio/ner-eer/lib/python3.7/tempfile.py", line 499, in __exit__
    http_get(url_to_download, temp_file, proxies=proxies, resume_size=resume_size, user_agent=user_agent)
  File "/gpfsssd/scratch/rech/zke/uir37ma/ner-expected-entity-ratio/ner-eer/lib/python3.7/tempfile.py", line 499, in __exit__
    result = self.file.__exit__(exc, value, tb)
    result = self.file.__exit__(exc, value, tb)
OSError: [Errno 122] Disk quota exceeded
OSError: [Errno 122] Disk quota exceeded
    result = self.file.__exit__(exc, value, tb)
    result = self.file.__exit__(exc, value, tb)
OSError: [Errno 122] Disk quota exceeded
OSError: [Errno 122] Disk quota exceeded
srun: error: jean-zay-pp3: tasks 0-3: Exited with exit code 1
srun: Terminating StepId=1158297.1
